[debug] [2023-06-03T05:51:57.266Z] ----------------------------------------------------------------------
[debug] [2023-06-03T05:51:57.267Z] Command:       /usr/local/bin/node /usr/local/bin/firebase init
[debug] [2023-06-03T05:51:57.268Z] CLI Version:   12.3.0
[debug] [2023-06-03T05:51:57.268Z] Platform:      darwin
[debug] [2023-06-03T05:51:57.268Z] Node Version:  v19.5.0
[debug] [2023-06-03T05:51:57.268Z] Time:          Fri Jun 02 2023 22:51:57 GMT-0700 (Pacific Daylight Time)
[debug] [2023-06-03T05:51:57.268Z] ----------------------------------------------------------------------
[debug] 
[debug] [2023-06-03T05:51:57.270Z] > command requires scopes: ["email","openid","https://www.googleapis.com/auth/cloudplatformprojects.readonly","https://www.googleapis.com/auth/firebase","https://www.googleapis.com/auth/cloud-platform"]
[debug] [2023-06-03T05:51:57.270Z] > authorizing via signed-in user (nicholas.revenco@gmail.com)
[info] 
     ######## #### ########  ######## ########     ###     ######  ########
     ##        ##  ##     ## ##       ##     ##  ##   ##  ##       ##
     ######    ##  ########  ######   ########  #########  ######  ######
     ##        ##  ##    ##  ##       ##     ## ##     ##       ## ##
     ##       #### ##     ## ######## ########  ##     ##  ######  ########

You're about to initialize a Firebase project in this directory:

  /Users/nicholasrevencomacbookair/Desktop/TMA Demo/tma-demo

[info] 
=== Project Setup
[info] 
[info] First, let's associate this project directory with a Firebase project.
[info] You can create multiple project aliases by running firebase use --add, 
[info] but for now we'll just set up a default project.
[info] 
[info] i  If you want to create a project in a Google Cloud organization or folder, please use "firebase projects:create" instead, and return to this command when you've created the project. 
